[17-04-2026 18:00:28.07] ===== Friday starting ===== 
[17-04-2026 18:00:28.07] Python: C:\Users\malya\.vscode\python practise\Friday\wake-up\.venv\Scripts\python.exe 
[17-04-2026 18:00:39.21] ===== Friday starting ===== 
[17-04-2026 18:00:39.22] Python: C:\Users\malya\.vscode\python practise\Friday\wake-up\.venv\Scripts\python.exe 
[17-04-2026 18:03:17.80] ===== Friday starting ===== 
[17-04-2026 18:03:17.80] Python: C:\Users\malya\.vscode\python practise\Friday\wake-up\.venv\Scripts\python.exe 
[17-04-2026 18:05:16.26] ===== Friday starting ===== 
[17-04-2026 18:05:16.27] Python: C:\Users\malya\.vscode\python practise\Friday\wake-up\.venv\Scripts\python.exe 
[17-04-2026 18:14:20.98] ===== Friday starting ===== 
[17-04-2026 18:14:20.98] Python: C:\Users\malya\.vscode\python practise\Friday\wake-up\.venv\Scripts\python.exe 
[17-04-2026 18:15:31.64] Friday exited (code 0) 
[17-04-2026 18:15:54.46] ===== Friday starting ===== 
[17-04-2026 18:15:54.46] Python: C:\Users\malya\.vscode\python practise\Friday\wake-up\.venv\Scripts\python.exe 
[17-04-2026 19:10:15.33] ===== Friday starting ===== 
[17-04-2026 19:10:15.33] Python: C:\Users\malya\.vscode\python practise\Friday\wake-up\.venv\Scripts\python.exe 
[17-04-2026 19:12:36.46] ===== Friday starting ===== 
[17-04-2026 19:12:36.46] Python: C:\Users\malya\.vscode\python practise\Friday\wake-up\.venv\Scripts\python.exe 
[17-04-2026 20:23:49.08] ===== Friday starting ===== 
[17-04-2026 20:23:49.11] Python: C:\Users\malya\.vscode\python practise\Friday\wake-up\.venv\Scripts\python.exe 
[18-04-2026  9:34:25.78] ===== Friday starting ===== 
[18-04-2026  9:34:25.80] Python: C:\Users\malya\.vscode\python practise\Friday\wake-up\.venv\Scripts\python.exe 
[19-04-2026  1:09:05.85] ===== Friday starting ===== 
[19-04-2026  1:09:05.88] Python: C:\Users\malya\.vscode\python practise\Friday\wake-up\.venv\Scripts\python.exe 
[20-04-2026  9:10:36.07] ===== Friday starting ===== 
[20-04-2026  9:10:36.08] Python: C:\Users\malya\.vscode\python practise\Friday\wake-up\.venv\Scripts\python.exe 
[20-04-2026 15:11:37.99] ===== Friday starting ===== 
[20-04-2026 15:11:37.99] Python: C:\Users\malya\.vscode\python practise\Friday\wake-up\.venv\Scripts\python.exe 
[20-04-2026 15:14:29.48] Friday exited (code 0) 
